Using pre-set license
Built from '2021.1/release' branch; Version is '2021.1.0f1 (61a549675243) revision 6399305'; Using compiler version '192528614'; Build Type 'Release'
OS: 'Windows 10 Pro; OS build 19042.870; Version 2009; 64bit' Language: 'ko' Physical Memory: 32689 MB
BatchMode: 1, IsHumanControllingUs: 0, StartBugReporterOnCrash: 0, Is64bit: 1, IsPro: 0

 COMMAND LINE ARGUMENTS:
C:\Program Files\Unity\Hub\Editor\2021.1.0f1\Editor\Unity.exe
-adb2
-batchMode
-noUpm
-name
AssetImportWorker0
-projectPath
E:/Works/Unity3D_ArduinoConnect
-logFile
Logs/AssetImportWorker0.log
-srvPort
6353
Successfully changed project path to: E:/Works/Unity3D_ArduinoConnect
E:/Works/Unity3D_ArduinoConnect
Using Asset Import Pipeline V2.
Refreshing native plugins compatible for Editor in 56.70 ms, found 1 plugins.
Preloading 0 native plugins for Editor in 0.00 ms.
Initialize engine version: 2021.1.0f1 (61a549675243)
[Subsystems] Discovering subsystems at path C:/Program Files/Unity/Hub/Editor/2021.1.0f1/Editor/Data/Resources/UnitySubsystems
[Subsystems] Discovering subsystems at path E:/Works/Unity3D_ArduinoConnect/Assets
GfxDevice: creating device client; threaded=0; jobified=0
Direct3D:
    Version:  Direct3D 11.0 [level 11.1]
    Renderer: AMD Radeon RX 5700 (ID=0x731f)
    Vendor:   ATI
    VRAM:     8151 MB
    Driver:   27.20.15003.1004
Initialize mono
Mono path[0] = 'C:/Program Files/Unity/Hub/Editor/2021.1.0f1/Editor/Data/Managed'
Mono path[1] = 'C:/Program Files/Unity/Hub/Editor/2021.1.0f1/Editor/Data/MonoBleedingEdge/lib/mono/unityjit'
Mono config path = 'C:/Program Files/Unity/Hub/Editor/2021.1.0f1/Editor/Data/MonoBleedingEdge/etc'
Using monoOptions --debugger-agent=transport=dt_socket,embedding=1,server=y,suspend=n,address=127.0.0.1:56240
Begin MonoManager ReloadAssembly
Registering precompiled unity dll's ...
Register platform support module: C:/Program Files/Unity/Hub/Editor/2021.1.0f1/Editor/Data/PlaybackEngines/WebGLSupport/UnityEditor.WebGL.Extensions.dll
Register platform support module: C:/Program Files/Unity/Hub/Editor/2021.1.0f1/Editor/Data/PlaybackEngines/WindowsStandaloneSupport/UnityEditor.WindowsStandalone.Extensions.dll
Register platform support module: C:/Program Files/Unity/Hub/Editor/2021.1.0f1/Editor/Data/PlaybackEngines/LinuxStandaloneSupport/UnityEditor.LinuxStandalone.Extensions.dll
Registered in 0.003310 seconds.
Native extension for LinuxStandalone target not found
Native extension for WindowsStandalone target not found
Native extension for WebGL target not found
Refreshing native plugins compatible for Editor in 57.93 ms, found 1 plugins.
Preloading 0 native plugins for Editor in 0.00 ms.
Mono: successfully reloaded assembly
- Completed reload, in  1.742 seconds
Platform modules already initialized, skipping
Registering precompiled user dll's ...
Registered in 0.002223 seconds.
Begin MonoManager ReloadAssembly
Native extension for LinuxStandalone target not found
Native extension for WindowsStandalone target not found
Native extension for WebGL target not found
Refreshing native plugins compatible for Editor in 0.41 ms, found 1 plugins.
Preloading 0 native plugins for Editor in 0.00 ms.
Mono: successfully reloaded assembly
- Completed reload, in  0.772 seconds
Platform modules already initialized, skipping
========================================================================
Worker process is ready to serve import requests
Launched and connected shader compiler UnityShaderCompiler.exe after 0.04 seconds
Refreshing native plugins compatible for Editor in 0.44 ms, found 1 plugins.
Preloading 0 native plugins for Editor in 0.00 ms.
Unloading 2679 Unused Serialized files (Serialized files now loaded: 0)
System memory in use before: 100.9 MB.
System memory in use after: 101.1 MB.

Unloading 15 unused Assets to reduce memory usage. Loaded Objects now: 3130.
Total: 2.095800 ms (FindLiveObjects: 0.305100 ms CreateObjectMapping: 0.282700 ms MarkObjects: 1.459000 ms  DeleteObjects: 0.047800 ms)

========================================================================
Received Prepare
Registering precompiled user dll's ...
Registered in 0.002089 seconds.
Begin MonoManager ReloadAssembly
Native extension for LinuxStandalone target not found
Native extension for WindowsStandalone target not found
Native extension for WebGL target not found
Refreshing native plugins compatible for Editor in 0.40 ms, found 1 plugins.
Preloading 0 native plugins for Editor in 0.00 ms.
Mono: successfully reloaded assembly
- Completed reload, in  0.724 seconds
Platform modules already initialized, skipping
Refreshing native plugins compatible for Editor in 0.43 ms, found 1 plugins.
Preloading 0 native plugins for Editor in 0.00 ms.
Unloading 2672 Unused Serialized files (Serialized files now loaded: 0)
System memory in use before: 100.8 MB.
System memory in use after: 101.0 MB.

Unloading 9 unused Assets to reduce memory usage. Loaded Objects now: 3133.
Total: 1.826800 ms (FindLiveObjects: 0.307900 ms CreateObjectMapping: 0.220000 ms MarkObjects: 1.281800 ms  DeleteObjects: 0.015900 ms)

========================================================================
Received Prepare
Registering precompiled user dll's ...
Registered in 0.001956 seconds.
Begin MonoManager ReloadAssembly
Native extension for LinuxStandalone target not found
Native extension for WindowsStandalone target not found
Native extension for WebGL target not found
Refreshing native plugins compatible for Editor in 0.41 ms, found 1 plugins.
Preloading 0 native plugins for Editor in 0.00 ms.
Mono: successfully reloaded assembly
- Completed reload, in  0.709 seconds
Platform modules already initialized, skipping
Refreshing native plugins compatible for Editor in 0.41 ms, found 1 plugins.
Preloading 0 native plugins for Editor in 0.00 ms.
Unloading 2672 Unused Serialized files (Serialized files now loaded: 0)
System memory in use before: 100.8 MB.
System memory in use after: 101.1 MB.

Unloading 9 unused Assets to reduce memory usage. Loaded Objects now: 3136.
Total: 7.211100 ms (FindLiveObjects: 1.346600 ms CreateObjectMapping: 0.825800 ms MarkObjects: 5.001700 ms  DeleteObjects: 0.033800 ms)

========================================================================
Received Prepare
Registering precompiled user dll's ...
Registered in 0.003070 seconds.
Begin MonoManager ReloadAssembly
Native extension for LinuxStandalone target not found
Native extension for WindowsStandalone target not found
Native extension for WebGL target not found
Refreshing native plugins compatible for Editor in 0.43 ms, found 1 plugins.
Preloading 0 native plugins for Editor in 0.00 ms.
Mono: successfully reloaded assembly
- Completed reload, in  0.731 seconds
Platform modules already initialized, skipping
Refreshing native plugins compatible for Editor in 0.39 ms, found 1 plugins.
Preloading 0 native plugins for Editor in 0.00 ms.
Unloading 2672 Unused Serialized files (Serialized files now loaded: 0)
System memory in use before: 100.9 MB.
System memory in use after: 101.1 MB.

Unloading 9 unused Assets to reduce memory usage. Loaded Objects now: 3139.
Total: 1.853400 ms (FindLiveObjects: 0.227900 ms CreateObjectMapping: 0.137000 ms MarkObjects: 1.475300 ms  DeleteObjects: 0.011800 ms)

========================================================================
Received Import Request.
  path: Assets/Scripts/IO/TalkToArduino.cs
  artifactKey: Guid(c3b5f4e0562954165963bf94bcf6ce83) Importer(815301076,1909f56bfc062723c751e8b465ee728b)
Start importing Assets/Scripts/IO/TalkToArduino.cs using Guid(c3b5f4e0562954165963bf94bcf6ce83) Importer(815301076,1909f56bfc062723c751e8b465ee728b)  -> (artifact id: '3b08a666e11c347cdd07729ee3f724d6') in 0.024977 seconds 
========================================================================
Received Prepare
Registering precompiled user dll's ...
Registered in 0.015060 seconds.
Begin MonoManager ReloadAssembly
Native extension for LinuxStandalone target not found
Native extension for WindowsStandalone target not found
Native extension for WebGL target not found
Refreshing native plugins compatible for Editor in 0.42 ms, found 1 plugins.
Preloading 0 native plugins for Editor in 0.00 ms.
Mono: successfully reloaded assembly
- Completed reload, in  0.796 seconds
Platform modules already initialized, skipping
Refreshing native plugins compatible for Editor in 0.39 ms, found 1 plugins.
Preloading 0 native plugins for Editor in 0.00 ms.
Unloading 2672 Unused Serialized files (Serialized files now loaded: 0)
System memory in use before: 100.9 MB.
System memory in use after: 101.1 MB.

Unloading 9 unused Assets to reduce memory usage. Loaded Objects now: 3142.
Total: 1.700300 ms (FindLiveObjects: 0.196200 ms CreateObjectMapping: 0.122900 ms MarkObjects: 1.368400 ms  DeleteObjects: 0.011700 ms)

========================================================================
Received Import Request.
  Time since last request: 167.813898 seconds.
  path: Assets/Scripts/IO/TalkToArduino.cs
  artifactKey: Guid(c3b5f4e0562954165963bf94bcf6ce83) Importer(815301076,1909f56bfc062723c751e8b465ee728b)
Start importing Assets/Scripts/IO/TalkToArduino.cs using Guid(c3b5f4e0562954165963bf94bcf6ce83) Importer(815301076,1909f56bfc062723c751e8b465ee728b)  -> (artifact id: 'de94c5d0aac1acc01116891b60b43928') in 0.007634 seconds 
========================================================================
Received Prepare
Registering precompiled user dll's ...
Registered in 0.001958 seconds.
Begin MonoManager ReloadAssembly
Native extension for LinuxStandalone target not found
Native extension for WindowsStandalone target not found
Native extension for WebGL target not found
Refreshing native plugins compatible for Editor in 0.63 ms, found 1 plugins.
Preloading 0 native plugins for Editor in 0.00 ms.
Mono: successfully reloaded assembly
- Completed reload, in  0.712 seconds
Platform modules already initialized, skipping
Refreshing native plugins compatible for Editor in 0.34 ms, found 1 plugins.
Preloading 0 native plugins for Editor in 0.00 ms.
Unloading 2672 Unused Serialized files (Serialized files now loaded: 0)
System memory in use before: 100.9 MB.
System memory in use after: 101.1 MB.

Unloading 9 unused Assets to reduce memory usage. Loaded Objects now: 3145.
Total: 1.669400 ms (FindLiveObjects: 0.185200 ms CreateObjectMapping: 0.113200 ms MarkObjects: 1.358100 ms  DeleteObjects: 0.012300 ms)

========================================================================
Received Import Request.
  Time since last request: 34.527335 seconds.
  path: Assets/Scripts/IO/ScanPorts.cs
  artifactKey: Guid(0e10e6cdb04544161933f20aff5ad820) Importer(815301076,1909f56bfc062723c751e8b465ee728b)
Start importing Assets/Scripts/IO/ScanPorts.cs using Guid(0e10e6cdb04544161933f20aff5ad820) Importer(815301076,1909f56bfc062723c751e8b465ee728b)  -> (artifact id: '7ceefb688ec590f625fdc7fc742f221c') in 0.008730 seconds 
========================================================================
Received Import Request.
  Time since last request: 0.898767 seconds.
  path: Assets/Scripts/IO/ArduinoConnect.cs
  artifactKey: Guid(87ab3ed4a66a5426fa16209673d29087) Importer(815301076,1909f56bfc062723c751e8b465ee728b)
Start importing Assets/Scripts/IO/ArduinoConnect.cs using Guid(87ab3ed4a66a5426fa16209673d29087) Importer(815301076,1909f56bfc062723c751e8b465ee728b)  -> (artifact id: '4da92b275e59959d390f2477a90160a3') in 0.005676 seconds 
========================================================================
Received Import Request.
  Time since last request: 3.326231 seconds.
  path: Assets/Scripts/ArduinoConnectController.cs
  artifactKey: Guid(a85a7c859be8741d29176ebab6cf315a) Importer(815301076,1909f56bfc062723c751e8b465ee728b)
Start importing Assets/Scripts/ArduinoConnectController.cs using Guid(a85a7c859be8741d29176ebab6cf315a) Importer(815301076,1909f56bfc062723c751e8b465ee728b)  -> (artifact id: 'b89f43ab5666276fb2c3a9277cd69202') in 0.005500 seconds 
========================================================================
Received Prepare
Registering precompiled user dll's ...
Registered in 0.002944 seconds.
Begin MonoManager ReloadAssembly
Native extension for LinuxStandalone target not found
Native extension for WindowsStandalone target not found
Native extension for WebGL target not found
Refreshing native plugins compatible for Editor in 0.41 ms, found 1 plugins.
Preloading 0 native plugins for Editor in 0.00 ms.
Mono: successfully reloaded assembly
- Completed reload, in  0.732 seconds
Platform modules already initialized, skipping
Refreshing native plugins compatible for Editor in 0.46 ms, found 1 plugins.
Preloading 0 native plugins for Editor in 0.00 ms.
Unloading 2672 Unused Serialized files (Serialized files now loaded: 0)
System memory in use before: 100.9 MB.
System memory in use after: 101.1 MB.

Unloading 9 unused Assets to reduce memory usage. Loaded Objects now: 3148.
Total: 1.693000 ms (FindLiveObjects: 0.212400 ms CreateObjectMapping: 0.130400 ms MarkObjects: 1.336600 ms  DeleteObjects: 0.012400 ms)

========================================================================
Received Prepare
Registering precompiled user dll's ...
Registered in 0.001966 seconds.
Begin MonoManager ReloadAssembly
Native extension for LinuxStandalone target not found
Native extension for WindowsStandalone target not found
Native extension for WebGL target not found
Refreshing native plugins compatible for Editor in 0.40 ms, found 1 plugins.
Preloading 0 native plugins for Editor in 0.00 ms.
Mono: successfully reloaded assembly
- Completed reload, in  0.710 seconds
Platform modules already initialized, skipping
Refreshing native plugins compatible for Editor in 0.38 ms, found 1 plugins.
Preloading 0 native plugins for Editor in 0.00 ms.
Unloading 2672 Unused Serialized files (Serialized files now loaded: 0)
System memory in use before: 100.9 MB.
System memory in use after: 101.1 MB.

Unloading 9 unused Assets to reduce memory usage. Loaded Objects now: 3151.
Total: 1.650800 ms (FindLiveObjects: 0.225100 ms CreateObjectMapping: 0.150000 ms MarkObjects: 1.261900 ms  DeleteObjects: 0.012800 ms)

AssetImportWorkerClient::OnTransportError - code=2 error=End of file
